#
# There is insufficient memory for the Java Runtime Environment to continue.
# Native memory allocation (malloc) failed to allocate 1202096 bytes for Chunk::new
# Possible reasons:
#   The system is out of physical RAM or swap space
#   The process is running with CompressedOops enabled, and the Java Heap may be blocking the growth of the native heap
# Possible solutions:
#   Reduce memory load on the system
#   Increase physical memory or swap space
#   Check if swap backing store is full
#   Decrease Java heap size (-Xmx/-Xms)
#   Decrease number of Java threads
#   Decrease Java thread stack sizes (-Xss)
#   Set larger code cache with -XX:ReservedCodeCacheSize=
#   JVM is running with Unscaled Compressed Oops mode in which the Java heap is
#     placed in the first 4GB address space. The Java Heap base address is the
#     maximum limit for the native heap growth. Please use -XX:HeapBaseMinAddress
#     to set the Java Heap base and to place the Java Heap above 4GB virtual address.
# This output file may be truncated or incomplete.
#
#  Out of Memory Error (allocation.cpp:389), pid=1568, tid=0x0000000000001adc
#
# JRE version: Java(TM) SE Runtime Environment (8.0_261-b12) (build 1.8.0_261-b12)
# Java VM: Java HotSpot(TM) 64-Bit Server VM (25.261-b12 mixed mode windows-amd64 compressed oops)
# Failed to write core dump. Minidumps are not enabled by default on client versions of Windows
#

---------------  T H R E A D  ---------------

Current thread (0x000001777dd33000):  JavaThread "C2 CompilerThread1" daemon [_thread_in_native, id=6876, stack(0x0000003d90300000,0x0000003d90400000)]

Stack: [0x0000003d90300000,0x0000003d90400000]
Native frames: (J=compiled Java code, j=interpreted, Vv=VM code, C=native code)
V  [jvm.dll+0x33e5f9]
V  [jvm.dll+0x2850e2]
V  [jvm.dll+0x285d8d]
V  [jvm.dll+0x27c895]
V  [jvm.dll+0xe4d6c]
V  [jvm.dll+0xe556c]
V  [jvm.dll+0x47ece3]
V  [jvm.dll+0x446900]
V  [jvm.dll+0x44f8f5]
V  [jvm.dll+0x44ecb5]
V  [jvm.dll+0x439bc7]
V  [jvm.dll+0xbbbcb]
V  [jvm.dll+0xba22b]
V  [jvm.dll+0x24d962]
V  [jvm.dll+0x2a1cfc]
C  [ucrtbase.dll+0x21bb2]
C  [KERNEL32.DLL+0x17034]
C  [ntdll.dll+0x52651]


Current CompileTask:
C2:   7855 3763       4       java.lang.Class::privateGetMethodRecursive (130 bytes)


---------------  P R O C E S S  ---------------

Java Threads: ( => current thread )
  0x000001777e9c5800 JavaThread "surefire-forkedjvm-ping-30s" daemon [_thread_blocked, id=8788, stack(0x0000003d90800000,0x0000003d90900000)]
  0x000001777e99f000 JavaThread "surefire-forkedjvm-command-thread" daemon [_thread_in_native, id=4212, stack(0x0000003d90700000,0x0000003d90800000)]
  0x000001777ddcf000 JavaThread "Service Thread" daemon [_thread_blocked, id=5784, stack(0x0000003d90500000,0x0000003d90600000)]
  0x000001777dd41800 JavaThread "C1 CompilerThread2" daemon [_thread_in_native, id=2108, stack(0x0000003d90400000,0x0000003d90500000)]
=>0x000001777dd33000 JavaThread "C2 CompilerThread1" daemon [_thread_in_native, id=6876, stack(0x0000003d90300000,0x0000003d90400000)]
  0x000001777dd30800 JavaThread "C2 CompilerThread0" daemon [_thread_in_native, id=8352, stack(0x0000003d90200000,0x0000003d90300000)]
  0x000001777dd2d800 JavaThread "Attach Listener" daemon [_thread_blocked, id=8120, stack(0x0000003d90100000,0x0000003d90200000)]
  0x000001777dd2c800 JavaThread "Signal Dispatcher" daemon [_thread_blocked, id=4180, stack(0x0000003d90000000,0x0000003d90100000)]
  0x000001777d5e9000 JavaThread "Finalizer" daemon [_thread_blocked, id=6408, stack(0x0000003d8ff00000,0x0000003d90000000)]
  0x000001777dd16000 JavaThread "Reference Handler" daemon [_thread_blocked, id=5124, stack(0x0000003d8fe00000,0x0000003d8ff00000)]
  0x00000177790ee800 JavaThread "main" [_thread_in_Java, id=5672, stack(0x0000003d8f800000,0x0000003d8f900000)]

Other Threads:
  0x000001777dcf1800 VMThread [stack: 0x0000003d8fd00000,0x0000003d8fe00000] [id=4324]
  0x000001777ddd2000 WatcherThread [stack: 0x0000003d90600000,0x0000003d90700000] [id=5064]

VM state:not at safepoint (normal execution)

VM Mutex/Monitor currently owned by a thread:  ([mutex/lock_event])
[0x00000177790eb620] CodeCache_lock - owner thread: 0x000001777dd41800

heap address: 0x00000000cca00000, size: 822 MB, Compressed Oops mode: 32-bit
Narrow klass base: 0x0000000000000000, Narrow klass shift: 3
Compressed class space size: 1073741824 Address: 0x0000000100000000

Heap:
 PSYoungGen      total 111616K, used 34432K [0x00000000eee00000, 0x00000000f7600000, 0x0000000100000000)
  eden space 103424K, 33% used [0x00000000eee00000,0x00000000f0fa01d0,0x00000000f5300000)
  from space 8192K, 0% used [0x00000000f5300000,0x00000000f5300000,0x00000000f5b00000)
  to   space 8704K, 0% used [0x00000000f6d80000,0x00000000f6d80000,0x00000000f7600000)
 ParOldGen       total 51200K, used 14703K [0x00000000cca00000, 0x00000000cfc00000, 0x00000000eee00000)
  object space 51200K, 28% used [0x00000000cca00000,0x00000000cd85bd48,0x00000000cfc00000)
 Metaspace       used 33905K, capacity 36151K, committed 36392K, reserved 1081344K
  class space    used 4395K, capacity 4802K, committed 4904K, reserved 1048576K

Card table byte_map: [0x000001777aee0000,0x000001777b080000] byte_map_base: 0x000001777a87b000

Marking Bits: (ParMarkBitMap*) 0x0000000058ed4fb0
 Begin Bits: [0x000001777b1a0000, 0x000001777be78000)
 End Bits:   [0x000001777be78000, 0x000001777cb50000)

Polling page: 0x0000017779310000

CodeCache: size=245760Kb used=15103Kb max_used=15119Kb free=230657Kb
 bounds [0x0000017700000000, 0x0000017700ed0000, 0x000001770f000000]
 total_blobs=4440 nmethods=4030 adapters=323
 compilation: enabled

Compilation events (10 events):
Event: 7.804 Thread 0x000001777dd41800 nmethod 4033 0x0000017700ea6d90 code [0x0000017700ea6f80, 0x0000017700ea79e0]
Event: 7.804 Thread 0x000001777dd41800 4034       3       org.springframework.core.convert.support.GenericConversionService$ConverterAdapter::getConvertibleTypes (8 bytes)
Event: 7.805 Thread 0x000001777dd41800 nmethod 4034 0x0000017700ea7f10 code [0x0000017700ea80a0, 0x0000017700ea8438]
Event: 7.805 Thread 0x000001777dd41800 4035       3       org.springframework.core.convert.support.GenericConversionService::getRequiredTypeInfo (57 bytes)
Event: 7.805 Thread 0x000001777dd41800 nmethod 4035 0x0000017700ea8610 code [0x0000017700ea87c0, 0x0000017700ea8dd0]
Event: 7.812 Thread 0x000001777dd41800 4036       1       java.beans.GenericBeanInfo::getMethodDescriptors (5 bytes)
Event: 7.812 Thread 0x000001777dd41800 nmethod 4036 0x0000017700ea9050 code [0x0000017700ea91a0, 0x0000017700ea92b8]
Event: 7.812 Thread 0x000001777dd41800 4037       3       java.beans.Introspector::getBeanInfo (54 bytes)
Event: 7.812 Thread 0x000001777dd41800 nmethod 4037 0x0000017700ea9310 code [0x0000017700ea94c0, 0x0000017700ea9810]
Event: 7.813 Thread 0x000001777dd41800 4038   !   3       com.sun.beans.finder.ClassFinder::findClass (43 bytes)

GC Heap History (10 events):
Event: 3.737 GC heap before
{Heap before GC invocations=7 (full 1):
 PSYoungGen      total 55296K, used 53248K [0x00000000eee00000, 0x00000000f6600000, 0x0000000100000000)
  eden space 53248K, 100% used [0x00000000eee00000,0x00000000f2200000,0x00000000f2200000)
  from space 2048K, 0% used [0x00000000f2200000,0x00000000f2200000,0x00000000f2400000)
  to   space 8192K, 0% used [0x00000000f5e00000,0x00000000f5e00000,0x00000000f6600000)
 ParOldGen       total 35328K, used 8910K [0x00000000cca00000, 0x00000000cec80000, 0x00000000eee00000)
  object space 35328K, 25% used [0x00000000cca00000,0x00000000cd2b3910,0x00000000cec80000)
 Metaspace       used 23665K, capacity 25086K, committed 25136K, reserved 1071104K
  class space    used 3065K, capacity 3345K, committed 3376K, reserved 1048576K
Event: 3.744 GC heap after
Heap after GC invocations=7 (full 1):
 PSYoungGen      total 85504K, used 5085K [0x00000000eee00000, 0x00000000f6300000, 0x0000000100000000)
  eden space 80384K, 0% used [0x00000000eee00000,0x00000000eee00000,0x00000000f3c80000)
  from space 5120K, 99% used [0x00000000f5e00000,0x00000000f62f7628,0x00000000f6300000)
  to   space 8192K, 0% used [0x00000000f5300000,0x00000000f5300000,0x00000000f5b00000)
 ParOldGen       total 35328K, used 8918K [0x00000000cca00000, 0x00000000cec80000, 0x00000000eee00000)
  object space 35328K, 25% used [0x00000000cca00000,0x00000000cd2b5910,0x00000000cec80000)
 Metaspace       used 23665K, capacity 25086K, committed 25136K, reserved 1071104K
  class space    used 3065K, capacity 3345K, committed 3376K, reserved 1048576K
}
Event: 4.876 GC heap before
{Heap before GC invocations=8 (full 1):
 PSYoungGen      total 85504K, used 85469K [0x00000000eee00000, 0x00000000f6300000, 0x0000000100000000)
  eden space 80384K, 100% used [0x00000000eee00000,0x00000000f3c80000,0x00000000f3c80000)
  from space 5120K, 99% used [0x00000000f5e00000,0x00000000f62f7628,0x00000000f6300000)
  to   space 8192K, 0% used [0x00000000f5300000,0x00000000f5300000,0x00000000f5b00000)
 ParOldGen       total 35328K, used 8918K [0x00000000cca00000, 0x00000000cec80000, 0x00000000eee00000)
  object space 35328K, 25% used [0x00000000cca00000,0x00000000cd2b5910,0x00000000cec80000)
 Metaspace       used 25836K, capacity 27462K, committed 27824K, reserved 1073152K
  class space    used 3336K, capacity 3639K, committed 3760K, reserved 1048576K
Event: 4.890 GC heap after
Heap after GC invocations=8 (full 1):
 PSYoungGen      total 111616K, used 7338K [0x00000000eee00000, 0x00000000f7600000, 0x0000000100000000)
  eden space 103424K, 0% used [0x00000000eee00000,0x00000000eee00000,0x00000000f5300000)
  from space 8192K, 89% used [0x00000000f5300000,0x00000000f5a2aa50,0x00000000f5b00000)
  to   space 8704K, 0% used [0x00000000f6d80000,0x00000000f6d80000,0x00000000f7600000)
 ParOldGen       total 35328K, used 8926K [0x00000000cca00000, 0x00000000cec80000, 0x00000000eee00000)
  object space 35328K, 25% used [0x00000000cca00000,0x00000000cd2b7910,0x00000000cec80000)
 Metaspace       used 25836K, capacity 27462K, committed 27824K, reserved 1073152K
  class space    used 3336K, capacity 3639K, committed 3760K, reserved 1048576K
}
Event: 6.259 GC heap before
{Heap before GC invocations=9 (full 1):
 PSYoungGen      total 111616K, used 110762K [0x00000000eee00000, 0x00000000f7600000, 0x0000000100000000)
  eden space 103424K, 100% used [0x00000000eee00000,0x00000000f5300000,0x00000000f5300000)
  from space 8192K, 89% used [0x00000000f5300000,0x00000000f5a2aa50,0x00000000f5b00000)
  to   space 8704K, 0% used [0x00000000f6d80000,0x00000000f6d80000,0x00000000f7600000)
 ParOldGen       total 35328K, used 8926K [0x00000000cca00000, 0x00000000cec80000, 0x00000000eee00000)
  object space 35328K, 25% used [0x00000000cca00000,0x00000000cd2b7910,0x00000000cec80000)
 Metaspace       used 31003K, capacity 32802K, committed 33072K, reserved 1077248K
  class space    used 4003K, capacity 4331K, committed 4400K, reserved 1048576K
Event: 6.280 GC heap after
Heap after GC invocations=9 (full 1):
 PSYoungGen      total 112128K, used 8703K [0x00000000eee00000, 0x00000000f7600000, 0x0000000100000000)
  eden space 103424K, 0% used [0x00000000eee00000,0x00000000eee00000,0x00000000f5300000)
  from space 8704K, 99% used [0x00000000f6d80000,0x00000000f75fff30,0x00000000f7600000)
  to   space 8192K, 0% used [0x00000000f5300000,0x00000000f5300000,0x00000000f5b00000)
 ParOldGen       total 35328K, used 11420K [0x00000000cca00000, 0x00000000cec80000, 0x00000000eee00000)
  object space 35328K, 32% used [0x00000000cca00000,0x00000000cd5271f8,0x00000000cec80000)
 Metaspace       used 31003K, capacity 32802K, committed 33072K, reserved 1077248K
  class space    used 4003K, capacity 4331K, committed 4400K, reserved 1048576K
}
Event: 7.340 GC heap before
{Heap before GC invocations=10 (full 1):
 PSYoungGen      total 112128K, used 102408K [0x00000000eee00000, 0x00000000f7600000, 0x0000000100000000)
  eden space 103424K, 90% used [0x00000000eee00000,0x00000000f49820e0,0x00000000f5300000)
  from space 8704K, 99% used [0x00000000f6d80000,0x00000000f75fff30,0x00000000f7600000)
  to   space 8192K, 0% used [0x00000000f5300000,0x00000000f5300000,0x00000000f5b00000)
 ParOldGen       total 35328K, used 11420K [0x00000000cca00000, 0x00000000cec80000, 0x00000000eee00000)
  object space 35328K, 32% used [0x00000000cca00000,0x00000000cd5271f8,0x00000000cec80000)
 Metaspace       used 33354K, capacity 35397K, committed 35496K, reserved 1079296K
  class space    used 4300K, capacity 4677K, committed 4776K, reserved 1048576K
Event: 7.361 GC heap after
Heap after GC invocations=10 (full 1):
 PSYoungGen      total 111616K, used 8176K [0x00000000eee00000, 0x00000000f7600000, 0x0000000100000000)
  eden space 103424K, 0% used [0x00000000eee00000,0x00000000eee00000,0x00000000f5300000)
  from space 8192K, 99% used [0x00000000f5300000,0x00000000f5afc030,0x00000000f5b00000)
  to   space 8704K, 0% used [0x00000000f6d80000,0x00000000f6d80000,0x00000000f7600000)
 ParOldGen       total 35328K, used 13779K [0x00000000cca00000, 0x00000000cec80000, 0x00000000eee00000)
  object space 35328K, 39% used [0x00000000cca00000,0x00000000cd774ef8,0x00000000cec80000)
 Metaspace       used 33354K, capacity 35397K, committed 35496K, reserved 1079296K
  class space    used 4300K, capacity 4677K, committed 4776K, reserved 1048576K
}
Event: 7.361 GC heap before
{Heap before GC invocations=11 (full 2):
 PSYoungGen      total 111616K, used 8176K [0x00000000eee00000, 0x00000000f7600000, 0x0000000100000000)
  eden space 103424K, 0% used [0x00000000eee00000,0x00000000eee00000,0x00000000f5300000)
  from space 8192K, 99% used [0x00000000f5300000,0x00000000f5afc030,0x00000000f5b00000)
  to   space 8704K, 0% used [0x00000000f6d80000,0x00000000f6d80000,0x00000000f7600000)
 ParOldGen       total 35328K, used 13779K [0x00000000cca00000, 0x00000000cec80000, 0x00000000eee00000)
  object space 35328K, 39% used [0x00000000cca00000,0x00000000cd774ef8,0x00000000cec80000)
 Metaspace       used 33354K, capacity 35397K, committed 35496K, reserved 1079296K
  class space    used 4300K, capacity 4677K, committed 4776K, reserved 1048576K
Event: 7.448 GC heap after
Heap after GC invocations=11 (full 2):
 PSYoungGen      total 111616K, used 0K [0x00000000eee00000, 0x00000000f7600000, 0x0000000100000000)
  eden space 103424K, 0% used [0x00000000eee00000,0x00000000eee00000,0x00000000f5300000)
  from space 8192K, 0% used [0x00000000f5300000,0x00000000f5300000,0x00000000f5b00000)
  to   space 8704K, 0% used [0x00000000f6d80000,0x00000000f6d80000,0x00000000f7600000)
 ParOldGen       total 51200K, used 14703K [0x00000000cca00000, 0x00000000cfc00000, 0x00000000eee00000)
  object space 51200K, 28% used [0x00000000cca00000,0x00000000cd85bd48,0x00000000cfc00000)
 Metaspace       used 33354K, capacity 35397K, committed 35496K, reserved 1079296K
  class space    used 4300K, capacity 4677K, committed 4776K, reserved 1048576K
}

Deoptimization events (10 events):
Event: 6.942 Thread 0x00000177790ee800 Uncommon trap: reason=class_check action=maybe_recompile pc=0x0000017700498484 method=org.springframework.boot.context.properties.source.ConfigurationPropertyName$Elements.charAt(II)C @ 43
Event: 6.942 Thread 0x00000177790ee800 Uncommon trap: reason=class_check action=maybe_recompile pc=0x0000017700498484 method=org.springframework.boot.context.properties.source.ConfigurationPropertyName$Elements.charAt(II)C @ 43
Event: 7.014 Thread 0x00000177790ee800 Uncommon trap: reason=unstable_if action=reinterpret pc=0x0000017700d8b9f4 method=org.aspectj.weaver.patterns.Pointcut.match(Lorg/aspectj/weaver/Shadow;)Lorg/aspectj/util/FuzzyBoolean; @ 8
Event: 7.060 Thread 0x00000177790ee800 Uncommon trap: reason=unstable_if action=reinterpret pc=0x0000017700c919ac method=org.springframework.aop.framework.autoproxy.AbstractAutoProxyCreator.predictBeanType(Ljava/lang/Class;Ljava/lang/String;)Ljava/lang/Class; @ 9
Event: 7.212 Thread 0x00000177790ee800 Uncommon trap: reason=unstable_if action=reinterpret pc=0x00000177005d707c method=java.io.WinNTFileSystem.isLetter(C)Z @ 3
Event: 7.517 Thread 0x00000177790ee800 Uncommon trap: reason=null_check action=make_not_entrant pc=0x000001770094149c method=org.springframework.beans.factory.support.DefaultSingletonBeanRegistry.getSingleton(Ljava/lang/String;Z)Ljava/lang/Object; @ 60
Event: 7.583 Thread 0x00000177790ee800 Uncommon trap: reason=unstable_if action=reinterpret pc=0x000001770065d4e4 method=org.springframework.boot.context.properties.source.ConfigurationPropertyName.hashCode()I @ 18
Event: 7.641 Thread 0x00000177790ee800 Uncommon trap: reason=unstable_if action=reinterpret pc=0x0000017700dc10d0 method=org.aspectj.weaver.UnresolvedType.nameToSignature(Ljava/lang/String;)Ljava/lang/String; @ 53
Event: 7.784 Thread 0x00000177790ee800 Uncommon trap: reason=bimorphic action=maybe_recompile pc=0x0000017700a559ec method=org.springframework.core.annotation.TypeMappedAnnotation.getValue(IZZ)Ljava/lang/Object; @ 121
Event: 7.801 Thread 0x00000177790ee800 Uncommon trap: reason=bimorphic action=maybe_recompile pc=0x0000017700a559ec method=org.springframework.core.annotation.TypeMappedAnnotation.getValue(IZZ)Ljava/lang/Object; @ 121

Classes redefined (0 events):
No events

Internal exceptions (10 events):
Event: 7.772 Thread 0x00000177790ee800 Exception <a 'java/lang/ClassNotFoundException': org/springframework/boot/web/servlet/error/ErrorControllerCustomizer> (0x00000000f06ccbb0) thrown at [C:\jenkins\workspace\8-2-build-windows-amd64-cygwin\jdk8u261\295\hotspot\src\share\vm\classfile\systemDi
Event: 7.793 Thread 0x00000177790ee800 Exception <a 'java/lang/ClassNotFoundException': java/lang/ObjectCustomizer> (0x00000000f080bbc0) thrown at [C:\jenkins\workspace\8-2-build-windows-amd64-cygwin\jdk8u261\295\hotspot\src\share\vm\classfile\systemDictionary.cpp, line 210]
Event: 7.794 Thread 0x00000177790ee800 Exception <a 'java/lang/ClassNotFoundException': org/springframework/web/accept/ContentNegotiationManagerCustomizer> (0x00000000f083fed0) thrown at [C:\jenkins\workspace\8-2-build-windows-amd64-cygwin\jdk8u261\295\hotspot\src\share\vm\classfile\systemDict
Event: 7.796 Thread 0x00000177790ee800 Exception <a 'java/lang/ClassNotFoundException': org/springframework/web/accept/ContentNegotiationStrategyCustomizer> (0x00000000f08831c8) thrown at [C:\jenkins\workspace\8-2-build-windows-amd64-cygwin\jdk8u261\295\hotspot\src\share\vm\classfile\systemDic
Event: 7.796 Thread 0x00000177790ee800 Exception <a 'java/lang/ClassNotFoundException': org/springframework/web/accept/MediaTypeFileExtensionResolverCustomizer> (0x00000000f08b9640) thrown at [C:\jenkins\workspace\8-2-build-windows-amd64-cygwin\jdk8u261\295\hotspot\src\share\vm\classfile\syste
Event: 7.807 Thread 0x00000177790ee800 Exception <a 'java/lang/ClassNotFoundException': java/lang/ObjectCustomizer> (0x00000000f0984ea8) thrown at [C:\jenkins\workspace\8-2-build-windows-amd64-cygwin\jdk8u261\295\hotspot\src\share\vm\classfile\systemDictionary.cpp, line 210]
Event: 7.808 Thread 0x00000177790ee800 Exception <a 'java/lang/ClassNotFoundException': org/springframework/core/convert/support/GenericConversionServiceCustomizer> (0x00000000f09bf968) thrown at [C:\jenkins\workspace\8-2-build-windows-amd64-cygwin\jdk8u261\295\hotspot\src\share\vm\classfile\s
Event: 7.810 Thread 0x00000177790ee800 Exception <a 'java/lang/ClassNotFoundException': org/springframework/format/support/FormattingConversionServiceCustomizer> (0x00000000f0a04b80) thrown at [C:\jenkins\workspace\8-2-build-windows-amd64-cygwin\jdk8u261\295\hotspot\src\share\vm\classfile\syst
Event: 7.811 Thread 0x00000177790ee800 Exception <a 'java/lang/ClassNotFoundException': org/springframework/format/support/DefaultFormattingConversionServiceCustomizer> (0x00000000f0a4a540) thrown at [C:\jenkins\workspace\8-2-build-windows-amd64-cygwin\jdk8u261\295\hotspot\src\share\vm\classfi
Event: 7.812 Thread 0x00000177790ee800 Exception <a 'java/lang/ClassNotFoundException': org/springframework/boot/autoconfigure/web/format/WebConversionServiceCustomizer> (0x00000000f0a86cf8) thrown at [C:\jenkins\workspace\8-2-build-windows-amd64-cygwin\jdk8u261\295\hotspot\src\share\vm\classf

Events (10 events):
Event: 7.811 loading class org/springframework/boot/autoconfigure/web/format/WebConversionServiceCustomizer
Event: 7.811 loading class org/springframework/boot/autoconfigure/web/format/WebConversionServiceCustomizer done
Event: 7.811 loading class org/springframework/boot/autoconfigure/web/format/WebConversionServiceCustomizer
Event: 7.811 loading class org/springframework/boot/autoconfigure/web/format/WebConversionServiceCustomizer done
Event: 7.812 loading class org/springframework/boot/autoconfigure/web/format/WebConversionServiceCustomizer
Event: 7.812 loading class org/springframework/boot/autoconfigure/web/format/WebConversionServiceCustomizer done
Event: 7.812 loading class org/springframework/format/FormatterRegistryCustomizer
Event: 7.812 loading class org/springframework/format/FormatterRegistryCustomizer done
Event: 7.813 loading class org/springframework/format/FormatterRegistryCustomizer
Event: 7.813 loading class org/springframework/format/FormatterRegistryCustomizer done


Dynamic libraries:
0x00007ff6ea8c0000 - 0x00007ff6ea907000 	C:\Program Files\Java\jdk1.8.0_261\jre\bin\java.exe
0x00007fff1dd70000 - 0x00007fff1df65000 	C:\Windows\SYSTEM32\ntdll.dll
0x00007fff1cd00000 - 0x00007fff1cdbd000 	C:\Windows\System32\KERNEL32.DLL
0x00007fff1b720000 - 0x00007fff1b9e9000 	C:\Windows\System32\KERNELBASE.dll
0x00007fff1bf60000 - 0x00007fff1c00c000 	C:\Windows\System32\ADVAPI32.dll
0x00007fff1d370000 - 0x00007fff1d40e000 	C:\Windows\System32\msvcrt.dll
0x00007fff1d420000 - 0x00007fff1d4bb000 	C:\Windows\System32\sechost.dll
0x00007fff1cbd0000 - 0x00007fff1ccfa000 	C:\Windows\System32\RPCRT4.dll
0x00007fff1c9d0000 - 0x00007fff1cb70000 	C:\Windows\System32\USER32.dll
0x00007fff1bcc0000 - 0x00007fff1bce2000 	C:\Windows\System32\win32u.dll
0x00007fff1ceb0000 - 0x00007fff1ceda000 	C:\Windows\System32\GDI32.dll
0x00007fff1b5b0000 - 0x00007fff1b6bb000 	C:\Windows\System32\gdi32full.dll
0x00007fff1bcf0000 - 0x00007fff1bd8d000 	C:\Windows\System32\msvcp_win.dll
0x00007fff1b4b0000 - 0x00007fff1b5b0000 	C:\Windows\System32\ucrtbase.dll
0x00007fff0aad0000 - 0x00007fff0ad6a000 	C:\Windows\WinSxS\amd64_microsoft.windows.common-controls_6595b64144ccf1df_6.0.19041.1110_none_60b5254171f9507e\COMCTL32.dll
0x00007fff1c090000 - 0x00007fff1c0c0000 	C:\Windows\System32\IMM32.DLL
0x00007fff07cd0000 - 0x00007fff07ce5000 	C:\Program Files\Java\jdk1.8.0_261\jre\bin\vcruntime140.dll
0x00007fff05c20000 - 0x00007fff05cbb000 	C:\Program Files\Java\jdk1.8.0_261\jre\bin\msvcp140.dll
0x00000000586e0000 - 0x0000000058f4c000 	C:\Program Files\Java\jdk1.8.0_261\jre\bin\server\jvm.dll
0x00007fff1c450000 - 0x00007fff1c458000 	C:\Windows\System32\PSAPI.DLL
0x00007fff12590000 - 0x00007fff125b7000 	C:\Windows\SYSTEM32\WINMM.dll
0x00007fff15ae0000 - 0x00007fff15ae9000 	C:\Windows\SYSTEM32\WSOCK32.dll
0x00007fff13850000 - 0x00007fff1385a000 	C:\Windows\SYSTEM32\VERSION.dll
0x00007fff1c460000 - 0x00007fff1c4cb000 	C:\Windows\System32\WS2_32.dll
0x00007fff193a0000 - 0x00007fff193b2000 	C:\Windows\SYSTEM32\kernel.appcore.dll
0x00007fff07cc0000 - 0x00007fff07cd0000 	C:\Program Files\Java\jdk1.8.0_261\jre\bin\verify.dll
0x00007fff05f90000 - 0x00007fff05fbb000 	C:\Program Files\Java\jdk1.8.0_261\jre\bin\java.dll
0x00007fff05e50000 - 0x00007fff05e68000 	C:\Program Files\Java\jdk1.8.0_261\jre\bin\zip.dll
0x00007fff1d590000 - 0x00007fff1dccf000 	C:\Windows\System32\SHELL32.dll
0x00007fff195a0000 - 0x00007fff19d31000 	C:\Windows\SYSTEM32\windows.storage.dll
0x00007fff1c670000 - 0x00007fff1c9c5000 	C:\Windows\System32\combase.dll
0x00007fff1ad70000 - 0x00007fff1ad9c000 	C:\Windows\SYSTEM32\Wldp.dll
0x00007fff1c1f0000 - 0x00007fff1c29e000 	C:\Windows\System32\SHCORE.dll
0x00007fff1cb70000 - 0x00007fff1cbc5000 	C:\Windows\System32\shlwapi.dll
0x00007fff1b3f0000 - 0x00007fff1b40f000 	C:\Windows\SYSTEM32\profapi.dll
0x00007fff07b10000 - 0x00007fff07b1d000 	C:\Program Files\Java\jdk1.8.0_261\jre\bin\management.dll
0x00007fff05d80000 - 0x00007fff05d9c000 	C:\Program Files\Java\jdk1.8.0_261\jre\bin\net.dll
0x00007fff1ab50000 - 0x00007fff1abba000 	C:\Windows\system32\mswsock.dll
0x00007fff059c0000 - 0x00007fff059d3000 	C:\Program Files\Java\jdk1.8.0_261\jre\bin\nio.dll
0x00007fff1a860000 - 0x00007fff1a89b000 	C:\Windows\SYSTEM32\IPHLPAPI.DLL
0x00007fff1cea0000 - 0x00007fff1cea8000 	C:\Windows\System32\NSI.dll
0x00007fff13930000 - 0x00007fff13947000 	C:\Windows\SYSTEM32\dhcpcsvc6.DLL
0x00007fff13910000 - 0x00007fff1392d000 	C:\Windows\SYSTEM32\dhcpcsvc.DLL
0x00007fff1a8a0000 - 0x00007fff1a96c000 	C:\Windows\SYSTEM32\DNSAPI.dll
0x00007fff11cc0000 - 0x00007fff11cca000 	C:\Windows\System32\rasadhlp.dll
0x00007fff11cd0000 - 0x00007fff11d4f000 	C:\Windows\System32\fwpuclnt.dll
0x00007fff1b9f0000 - 0x00007fff1ba17000 	C:\Windows\System32\bcrypt.dll
0x00007fff11370000 - 0x00007fff11387000 	C:\Windows\system32\napinsp.dll
0x00007fff11350000 - 0x00007fff1136b000 	C:\Windows\system32\pnrpnsp.dll
0x00007fff15f50000 - 0x00007fff15f65000 	C:\Windows\system32\wshbth.dll
0x00007fff16cc0000 - 0x00007fff16cdd000 	C:\Windows\system32\NLAapi.dll
0x00007fff0a350000 - 0x00007fff0a362000 	C:\Windows\System32\winrnr.dll
0x00007fff05760000 - 0x00007fff05944000 	C:\Windows\SYSTEM32\dbghelp.dll
0x00007fff1bb80000 - 0x00007fff1bc03000 	C:\Windows\System32\bcryptPrimitives.dll

VM Arguments:
java_command: C:\Users\rajku\AppData\Local\Temp\surefire5007452302621836340\surefirebooter4502892459925714252.jar C:\Users\rajku\AppData\Local\Temp\surefire5007452302621836340 2021-08-02T20-05-47_046-jvmRun1 surefire7112775633592573147tmp surefire_0613270461154784131tmp
java_class_path (initial): C:\Users\rajku\AppData\Local\Temp\surefire5007452302621836340\surefirebooter4502892459925714252.jar
Launcher Type: SUN_STANDARD

Environment Variables:
JAVA_HOME=C:\Program Files\Java\jdk1.8.0_261
PATH=C:\Program Files (x86)\Common Files\Oracle\Java\javapath;C:\app\OracleHomeUser1\product\12.1.0\dbhome_1\bin;C:\Windows\system32;C:\Windows;C:\Windows\System32\Wbem;C:\Windows\System32\WindowsPowerShell\v1.0\;C:\Windows\System32\OpenSSH\;D:\softwares\apache-maven-3.6.3\bin;D:\softwares\RabbitMQ Server\rabbitmq_server-3.8.9\sbin;C:\Program Files\Git\cmd;C:\Program Files\Docker\Docker\resources\bin;C:\ProgramData\DockerDesktop\version-bin;C:\Program Files\Java\jdk1.8.0_261\bin
USERNAME=rajku
OS=Windows_NT
PROCESSOR_IDENTIFIER=AMD64 Family 23 Model 24 Stepping 1, AuthenticAMD



---------------  S Y S T E M  ---------------

OS: Windows 10.0 , 64 bit Build 19041 (10.0.19041.1023)

CPU:total 4 (initial active 4) (4 cores per cpu, 1 threads per core) family 23 model 24 stepping 1, cmov, cx8, fxsr, mmx, sse, sse2, sse3, ssse3, sse4.1, sse4.2, popcnt, avx, avx2, aes, clmul, mmxext, 3dnowpref, lzcnt, sse4a, tsc, tscinvbit, tscinv, bmi1

Memory: 4k page, physical 3364096k(477464k free), swap 6906112k(13496k free)

vm_info: Java HotSpot(TM) 64-Bit Server VM (25.261-b12) for windows-amd64 JRE (1.8.0_261-b12), built on Jun 18 2020 06:56:32 by "" with unknown MS VC++:1916

time: Mon Aug  2 20:05:55 2021
timezone: India Standard Time
elapsed time: 7 seconds (0d 0h 0m 7s)

